<?xml version="1.0" encoding="UTF-8"?>
<testsuite xmlns:xsi="http://www.w3.org/2001/XMLSchema-instance" xsi:noNamespaceSchemaLocation="https://maven.apache.org/surefire/maven-surefire-plugin/xsd/surefire-test-report.xsd" version="3.0.2" name="com.survey.hotdrynoodle.HotDryNoodleApplicationTests" time="1.595" tests="1" errors="0" skipped="0" failures="0">
  <properties>
[...]
</properties>
  <testcase name="contextLoads" classname="com.survey.hotdrynoodle.HotDryNoodleApplicationTests" time="0.657">
    <system-out><![CDATA[21:35:14.952 [main] INFO org.springframework.test.context.support.AnnotationConfigContextLoaderUtils -- Could not detect default configuration classes for test class [com.survey.hotdrynoodle.HotDryNoodleApplicationTests]: HotDryNoodleApplicationTests does not declare any static, non-private, non-final, nested classes annotated with @Configuration.
21:35:15.035 [main] INFO org.springframework.boot.test.context.SpringBootTestContextBootstrapper -- Found @SpringBootConfiguration com.survey.hotdrynoodle.HotDryNoodleApplication for test class com.survey.hotdrynoodle.HotDryNoodleApplicationTests

  .   ____          _            __ _ _
 /\\ / ___'_ __ _ _(_)_ __  __ _ \ \ \ \
( ( )\___ | '_ | '_| | '_ \/ _` | \ \ \ \
 \\/  ___)| |_)| | | | | || (_| |  ) ) ) )
  '  |____| .__|_| |_|_| |_\__, | / / / /
 =========|_|==============|___/=/_/_/_/

 :: Spring Boot ::                (v3.5.4)

2025-08-14T21:35:15.412+08:00  INFO 4657 --- [hot-dry-noodle] [           main] c.s.h.HotDryNoodleApplicationTests       : Starting HotDryNoodleApplicationTests using Java 17.0.15 with PID 4657 (started by fengbaichao in /Users/Administrator/Documents/WorkSpace/intellij_learn/geek/spring_study/geektime-spring-family-master/geektime-spring-family-master/Chapter 12/hot-dry-noodle)
2025-08-14T21:35:15.413+08:00  INFO 4657 --- [hot-dry-noodle] [           main] c.s.h.HotDryNoodleApplicationTests       : No active profile set, falling back to 1 default profile: "default"
2025-08-14T21:35:15.734+08:00  INFO 4657 --- [hot-dry-noodle] [           main] c.s.h.HotDryNoodleApplicationTests       : Started HotDryNoodleApplicationTests in 0.578 seconds (process running for 1.355)
]]></system-out>
  </testcase>
</testsuite>